<?xml version="1.0" encoding="UTF-8"?>
<testng-results skipped="0" failed="0" ignored="0" total="1" passed="1">
  <reporter-output>
  </reporter-output>
  <suite name="Default suite" duration-ms="37217" started-at="2019-07-06T10:05:16Z" finished-at="2019-07-06T10:05:53Z">
    <groups>
    </groups>
    <test name="Default test" duration-ms="37217" started-at="2019-07-06T10:05:16Z" finished-at="2019-07-06T10:05:53Z">
      <class name="webtableandcalender.WebTables">
        <test-method status="PASS" signature="setUp()[pri:0, instance:webtableandcalender.WebTables@548a9f61]" name="setUp" is-config="true" duration-ms="6733" started-at="2019-07-06T10:05:16Z" finished-at="2019-07-06T10:05:23Z">
          <reporter-output>
          </reporter-output>
        </test-method> <!-- setUp -->
        <test-method status="PASS" signature="dynamicTable()[pri:0, instance:webtableandcalender.WebTables@548a9f61]" name="dynamicTable" duration-ms="30455" started-at="2019-07-06T10:05:23Z" finished-at="2019-07-06T10:05:53Z">
          <reporter-output>
          </reporter-output>
        </test-method> <!-- dynamicTable -->
        <test-method status="PASS" signature="tearDown()[pri:0, instance:webtableandcalender.WebTables@548a9f61]" name="tearDown" is-config="true" duration-ms="1" started-at="2019-07-06T10:05:53Z" finished-at="2019-07-06T10:05:53Z">
          <reporter-output>
          </reporter-output>
        </test-method> <!-- tearDown -->
      </class> <!-- webtableandcalender.WebTables -->
    </test> <!-- Default test -->
  </suite> <!-- Default suite -->
</testng-results>
