<?xml version="1.0" encoding="UTF-8"?>
<testng-results skipped="0" failed="0" ignored="0" total="2" passed="2">
  <reporter-output>
  </reporter-output>
  <suite name="Default suite" duration-ms="59390" started-at="2019-07-02T15:35:24Z" finished-at="2019-07-02T15:36:24Z">
    <groups>
    </groups>
    <test name="Default test" duration-ms="59390" started-at="2019-07-02T15:35:24Z" finished-at="2019-07-02T15:36:24Z">
      <class name="dropdowns.DropdownTesting1">
        <test-method status="PASS" signature="setup()[pri:0, instance:dropdowns.DropdownTesting1@548a9f61]" name="setup" is-config="true" duration-ms="24616" started-at="2019-07-02T15:35:24Z" finished-at="2019-07-02T15:35:49Z">
          <reporter-output>
          </reporter-output>
        </test-method> <!-- setup -->
        <test-method status="PASS" signature="Dropdown()[pri:0, instance:dropdowns.DropdownTesting1@548a9f61]" name="Dropdown" duration-ms="6714" started-at="2019-07-02T15:35:49Z" finished-at="2019-07-02T15:35:56Z">
          <reporter-output>
          </reporter-output>
        </test-method> <!-- Dropdown -->
        <test-method status="PASS" signature="teardown()[pri:0, instance:dropdowns.DropdownTesting1@548a9f61]" name="teardown" is-config="true" duration-ms="726" started-at="2019-07-02T15:35:56Z" finished-at="2019-07-02T15:35:56Z">
          <reporter-output>
          </reporter-output>
        </test-method> <!-- teardown -->
        <test-method status="PASS" signature="setup()[pri:0, instance:dropdowns.DropdownTesting1@548a9f61]" name="setup" is-config="true" duration-ms="22344" started-at="2019-07-02T15:35:56Z" finished-at="2019-07-02T15:36:19Z">
          <reporter-output>
          </reporter-output>
        </test-method> <!-- setup -->
        <test-method status="PASS" signature="Dropdown2()[pri:1, instance:dropdowns.DropdownTesting1@548a9f61]" name="Dropdown2" duration-ms="4088" started-at="2019-07-02T15:36:19Z" finished-at="2019-07-02T15:36:23Z">
          <reporter-output>
          </reporter-output>
        </test-method> <!-- Dropdown2 -->
        <test-method status="PASS" signature="teardown()[pri:0, instance:dropdowns.DropdownTesting1@548a9f61]" name="teardown" is-config="true" duration-ms="811" started-at="2019-07-02T15:36:23Z" finished-at="2019-07-02T15:36:24Z">
          <reporter-output>
          </reporter-output>
        </test-method> <!-- teardown -->
      </class> <!-- dropdowns.DropdownTesting1 -->
    </test> <!-- Default test -->
  </suite> <!-- Default suite -->
</testng-results>
